[2020-09-25 10:50:02Z INFO HostContext] No proxy settings were found based on environmental variables (http_proxy/https_proxy/HTTP_PROXY/HTTPS_PROXY)
[2020-09-25 10:50:02Z INFO HostContext] Well known directory 'Bin': '/home/watcharaphan/okr_project/okr-project/actions-runner/bin'
[2020-09-25 10:50:02Z INFO HostContext] Well known directory 'Root': '/home/watcharaphan/okr_project/okr-project/actions-runner'
[2020-09-25 10:50:02Z INFO HostContext] Well known config file 'Credentials': '/home/watcharaphan/okr_project/okr-project/actions-runner/.credentials'
[2020-09-25 10:50:02Z INFO Listener] Runner is built for Linux (X64) - linux-x64.
[2020-09-25 10:50:02Z INFO Listener] RuntimeInformation: Linux 4.19.128-microsoft-standard #1 SMP Tue Jun 23 12:58:10 UTC 2020.
[2020-09-25 10:50:02Z INFO Listener] Version: 2.273.4
[2020-09-25 10:50:02Z INFO Listener] Commit: 24845a5a01cd29ddf6038c8c5bfd1b91552fb685
[2020-09-25 10:50:02Z INFO Listener] Culture: 
[2020-09-25 10:50:02Z INFO Listener] UI Culture: 
[2020-09-25 10:50:02Z INFO HostContext] Well known directory 'Bin': '/home/watcharaphan/okr_project/okr-project/actions-runner/bin'
[2020-09-25 10:50:02Z INFO HostContext] Well known directory 'Root': '/home/watcharaphan/okr_project/okr-project/actions-runner'
[2020-09-25 10:50:02Z INFO Listener] Validating directory permissions for: '/home/watcharaphan/okr_project/okr-project/actions-runner'
[2020-09-25 10:50:02Z INFO CommandLineParser] Parse
[2020-09-25 10:50:02Z INFO CommandLineParser] Parsing 5 args
[2020-09-25 10:50:02Z INFO CommandLineParser] parsing argument
[2020-09-25 10:50:02Z INFO CommandLineParser] HasArgs: False
[2020-09-25 10:50:02Z INFO CommandLineParser] Adding Command: configure
[2020-09-25 10:50:02Z INFO CommandLineParser] parsing argument
[2020-09-25 10:50:02Z INFO CommandLineParser] HasArgs: True
[2020-09-25 10:50:02Z INFO CommandLineParser] arg: url
[2020-09-25 10:50:02Z INFO CommandLineParser] parsing argument
[2020-09-25 10:50:02Z INFO CommandLineParser] HasArgs: True
[2020-09-25 10:50:02Z INFO CommandLineParser] Adding option 'url': 'https://github.com/Thorexus/okr-project'
[2020-09-25 10:50:02Z INFO CommandLineParser] parsing argument
[2020-09-25 10:50:02Z INFO CommandLineParser] HasArgs: True
[2020-09-25 10:50:02Z INFO CommandLineParser] arg: token
[2020-09-25 10:50:02Z INFO CommandLineParser] parsing argument
[2020-09-25 10:50:02Z INFO CommandLineParser] HasArgs: True
[2020-09-25 10:50:02Z INFO CommandLineParser] Adding option 'token': '***'
[2020-09-25 10:50:02Z INFO Listener] Arguments parsed
[2020-09-25 10:50:02Z INFO Runner] ExecuteCommand
[2020-09-25 10:50:02Z INFO ConfigurationStore] currentAssemblyLocation: /home/watcharaphan/okr_project/okr-project/actions-runner/bin/Runner.Listener.dll
[2020-09-25 10:50:02Z INFO HostContext] Well known directory 'Bin': '/home/watcharaphan/okr_project/okr-project/actions-runner/bin'
[2020-09-25 10:50:02Z INFO ConfigurationStore] binPath: /home/watcharaphan/okr_project/okr-project/actions-runner/bin
[2020-09-25 10:50:02Z INFO HostContext] Well known directory 'Bin': '/home/watcharaphan/okr_project/okr-project/actions-runner/bin'
[2020-09-25 10:50:02Z INFO HostContext] Well known directory 'Root': '/home/watcharaphan/okr_project/okr-project/actions-runner'
[2020-09-25 10:50:02Z INFO ConfigurationStore] RootFolder: /home/watcharaphan/okr_project/okr-project/actions-runner
[2020-09-25 10:50:02Z INFO HostContext] Well known directory 'Bin': '/home/watcharaphan/okr_project/okr-project/actions-runner/bin'
[2020-09-25 10:50:02Z INFO HostContext] Well known directory 'Root': '/home/watcharaphan/okr_project/okr-project/actions-runner'
[2020-09-25 10:50:02Z INFO HostContext] Well known config file 'Runner': '/home/watcharaphan/okr_project/okr-project/actions-runner/.runner'
[2020-09-25 10:50:02Z INFO ConfigurationStore] ConfigFilePath: /home/watcharaphan/okr_project/okr-project/actions-runner/.runner
[2020-09-25 10:50:02Z INFO HostContext] Well known directory 'Bin': '/home/watcharaphan/okr_project/okr-project/actions-runner/bin'
[2020-09-25 10:50:02Z INFO HostContext] Well known directory 'Root': '/home/watcharaphan/okr_project/okr-project/actions-runner'
[2020-09-25 10:50:02Z INFO HostContext] Well known config file 'Credentials': '/home/watcharaphan/okr_project/okr-project/actions-runner/.credentials'
[2020-09-25 10:50:02Z INFO ConfigurationStore] CredFilePath: /home/watcharaphan/okr_project/okr-project/actions-runner/.credentials
[2020-09-25 10:50:02Z INFO HostContext] Well known directory 'Bin': '/home/watcharaphan/okr_project/okr-project/actions-runner/bin'
[2020-09-25 10:50:02Z INFO HostContext] Well known directory 'Root': '/home/watcharaphan/okr_project/okr-project/actions-runner'
[2020-09-25 10:50:02Z INFO HostContext] Well known config file 'MigratedCredentials': '/home/watcharaphan/okr_project/okr-project/actions-runner/.credentials_migrated'
[2020-09-25 10:50:02Z INFO ConfigurationStore] MigratedCredFilePath: /home/watcharaphan/okr_project/okr-project/actions-runner/.credentials_migrated
[2020-09-25 10:50:02Z INFO HostContext] Well known directory 'Bin': '/home/watcharaphan/okr_project/okr-project/actions-runner/bin'
[2020-09-25 10:50:02Z INFO HostContext] Well known directory 'Root': '/home/watcharaphan/okr_project/okr-project/actions-runner'
[2020-09-25 10:50:02Z INFO HostContext] Well known config file 'Service': '/home/watcharaphan/okr_project/okr-project/actions-runner/.service'
[2020-09-25 10:50:02Z INFO ConfigurationStore] ServiceConfigFilePath: /home/watcharaphan/okr_project/okr-project/actions-runner/.service
[2020-09-25 10:50:02Z INFO CommandSettings] Flag 'help': 'False'
[2020-09-25 10:50:02Z INFO CommandSettings] Flag 'version': 'False'
[2020-09-25 10:50:02Z INFO CommandSettings] Flag 'commit': 'False'
[2020-09-25 10:50:02Z INFO CommandSettings] Command 'configure': 'True'
[2020-09-25 10:50:02Z INFO Terminal] WRITE LINE: 
[2020-09-25 10:50:02Z INFO Terminal] WRITE LINE: --------------------------------------------------------------------------------
[2020-09-25 10:50:02Z INFO Terminal] WRITE LINE: |        ____ _ _   _   _       _          _        _   _                      |
[2020-09-25 10:50:02Z INFO Terminal] WRITE LINE: |       / ___(_) |_| | | |_   _| |__      / \   ___| |_(_) ___  _ __  ___      |
[2020-09-25 10:50:02Z INFO Terminal] WRITE LINE: |      | |  _| | __| |_| | | | | '_ \    / _ \ / __| __| |/ _ \| '_ \/ __|     |
[2020-09-25 10:50:02Z INFO Terminal] WRITE LINE: |      | |_| | | |_|  _  | |_| | |_) |  / ___ \ (__| |_| | (_) | | | \__ \     |
[2020-09-25 10:50:02Z INFO Terminal] WRITE LINE: |       \____|_|\__|_| |_|\__,_|_.__/  /_/   \_\___|\__|_|\___/|_| |_|___/     |
[2020-09-25 10:50:02Z INFO Terminal] WRITE LINE: |                                                                              |
[2020-09-25 10:50:02Z INFO Terminal] WRITE: |                       
[2020-09-25 10:50:02Z INFO Terminal] WRITE: Self-hosted runner registration
[2020-09-25 10:50:02Z INFO Terminal] WRITE LINE:                         |
[2020-09-25 10:50:02Z INFO Terminal] WRITE LINE: |                                                                              |
[2020-09-25 10:50:02Z INFO Terminal] WRITE LINE: --------------------------------------------------------------------------------
[2020-09-25 10:50:02Z INFO ConfigurationManager] ConfigureAsync
[2020-09-25 10:50:02Z INFO ConfigurationStore] IsConfigured()
[2020-09-25 10:50:02Z INFO ConfigurationStore] IsConfigured: False
[2020-09-25 10:50:02Z INFO ConfigurationManager] Is configured: False
[2020-09-25 10:50:02Z INFO CommandSettings] Arg 'url': 'https://github.com/Thorexus/okr-project'
[2020-09-25 10:50:02Z INFO CommandSettings] Remove url from Arg dictionary.
[2020-09-25 10:50:02Z INFO CommandSettings] Arg 'token': '***'
[2020-09-25 10:50:02Z INFO CommandSettings] Remove token from Arg dictionary.
[2020-09-25 10:50:03Z INFO ConfigurationManager] Http response code: OK from 'POST https://api.github.com/actions/runner-registration'
[2020-09-25 10:50:03Z INFO ConfigurationManager] cred retrieved via GitHub auth
[2020-09-25 10:50:03Z INFO RunnerServer] Establish connection with 100 seconds timeout.
[2020-09-25 10:50:03Z INFO GitHubActionsService] Starting operation Location.GetConnectionData
[2020-09-25 10:50:03Z INFO RunnerServer] Establish connection with 60 seconds timeout.
[2020-09-25 10:50:03Z INFO GitHubActionsService] Starting operation Location.GetConnectionData
[2020-09-25 10:50:03Z INFO RunnerServer] Establish connection with 60 seconds timeout.
[2020-09-25 10:50:03Z INFO GitHubActionsService] Starting operation Location.GetConnectionData
[2020-09-25 10:50:04Z INFO GitHubActionsService] Finished operation Location.GetConnectionData
[2020-09-25 10:50:04Z INFO GitHubActionsService] Finished operation Location.GetConnectionData
[2020-09-25 10:50:04Z INFO GitHubActionsService] Finished operation Location.GetConnectionData
[2020-09-25 10:50:05Z INFO Terminal] WRITE LINE: 
[2020-09-25 10:50:05Z INFO ConfigurationManager] Test Connection complete.
[2020-09-25 10:50:05Z INFO HostContext] Well known directory 'Bin': '/home/watcharaphan/okr_project/okr-project/actions-runner/bin'
[2020-09-25 10:50:05Z INFO HostContext] Well known directory 'Root': '/home/watcharaphan/okr_project/okr-project/actions-runner'
[2020-09-25 10:50:05Z INFO HostContext] Well known config file 'RSACredentials': '/home/watcharaphan/okr_project/okr-project/actions-runner/.credentials_rsaparams'
[2020-09-25 10:50:05Z INFO RSAFileKeyManager] Creating new RSA key using 2048-bit key length
[2020-09-25 10:50:05Z INFO RSAFileKeyManager] Successfully saved RSA key parameters to file /home/watcharaphan/okr_project/okr-project/actions-runner/.credentials_rsaparams
[2020-09-25 10:50:05Z INFO RSAFileKeyManager] Which: 'chmod'
[2020-09-25 10:50:05Z INFO RSAFileKeyManager] Location: '/usr/bin/chmod'
[2020-09-25 10:50:05Z INFO HostContext] Well known directory 'Bin': '/home/watcharaphan/okr_project/okr-project/actions-runner/bin'
[2020-09-25 10:50:05Z INFO HostContext] Well known directory 'Root': '/home/watcharaphan/okr_project/okr-project/actions-runner'
[2020-09-25 10:50:05Z INFO ProcessInvokerWrapper] Starting process:
[2020-09-25 10:50:05Z INFO ProcessInvokerWrapper]   File name: '/usr/bin/chmod'
[2020-09-25 10:50:05Z INFO ProcessInvokerWrapper]   Arguments: '600 /home/watcharaphan/okr_project/okr-project/actions-runner/.credentials_rsaparams'
[2020-09-25 10:50:05Z INFO ProcessInvokerWrapper]   Working directory: '/home/watcharaphan/okr_project/okr-project/actions-runner'
[2020-09-25 10:50:05Z INFO ProcessInvokerWrapper]   Require exit code zero: 'False'
[2020-09-25 10:50:05Z INFO ProcessInvokerWrapper]   Encoding web name:  ; code page: ''
[2020-09-25 10:50:05Z INFO ProcessInvokerWrapper]   Force kill process on cancellation: 'False'
[2020-09-25 10:50:05Z INFO ProcessInvokerWrapper]   Redirected STDIN: 'False'
[2020-09-25 10:50:05Z INFO ProcessInvokerWrapper]   Persist current code page: 'False'
[2020-09-25 10:50:05Z INFO ProcessInvokerWrapper]   Keep redirected STDIN open: 'False'
[2020-09-25 10:50:05Z INFO ProcessInvokerWrapper]   High priority process: 'False'
[2020-09-25 10:50:05Z INFO ProcessInvokerWrapper] Failed to update oom_score_adj for PID: 5157.
[2020-09-25 10:50:05Z INFO ProcessInvokerWrapper] System.IO.DirectoryNotFoundException: Could not find a part of the path '/proc/5157/oom_score_adj'.
   at Interop.ThrowExceptionForIoErrno(ErrorInfo errorInfo, String path, Boolean isDirectory, Func`2 errorRewriter)
   at Microsoft.Win32.SafeHandles.SafeFileHandle.Open(String path, OpenFlags flags, Int32 mode)
   at System.IO.FileStream.OpenHandle(FileMode mode, FileShare share, FileOptions options)
   at System.IO.FileStream..ctor(String path, FileMode mode, FileAccess access, FileShare share, Int32 bufferSize, FileOptions options)
   at System.IO.StreamWriter.ValidateArgsAndOpenPath(String path, Boolean append, Encoding encoding, Int32 bufferSize)
   at System.IO.StreamWriter..ctor(String path)
   at System.IO.File.WriteAllText(String path, String contents)
   at GitHub.Runner.Sdk.ProcessInvoker.WriteProcessOomScoreAdj(Int32 processId, Int32 oomScoreAdj)
[2020-09-25 10:50:05Z INFO ProcessInvokerWrapper] Process started with process id 5157, waiting for process exit.
[2020-09-25 10:50:05Z INFO ProcessInvokerWrapper] STDOUT/STDERR stream read finished.
[2020-09-25 10:50:05Z INFO ProcessInvokerWrapper] STDOUT/STDERR stream read finished.
[2020-09-25 10:50:05Z INFO ProcessInvokerWrapper] Finished process 5157 with exit code 0, and elapsed time 00:00:00.0164246.
[2020-09-25 10:50:05Z INFO RSAFileKeyManager] Successfully set permissions for RSA key parameters file /home/watcharaphan/okr_project/okr-project/actions-runner/.credentials_rsaparams
[2020-09-25 10:50:06Z INFO ConfigurationManager] Found a self-hosted runner group with id {1} and name {2} 1, Default
[2020-09-25 10:50:06Z INFO CommandSettings] Arg 'name': ''
[2020-09-25 10:50:06Z INFO CommandSettings] Flag 'unattended': 'False'
[2020-09-25 10:50:06Z INFO PromptManager] ReadValue
[2020-09-25 10:50:06Z INFO Terminal] WRITE: Enter the name of runner: 
[2020-09-25 10:50:06Z INFO Terminal] WRITE: [press Enter for DESKTOP-DHVTU1V] 
[2020-09-25 10:50:06Z INFO Terminal] READ LINE
[2020-09-25 10:50:16Z INFO Terminal] Read value: 'okr_project'
[2020-09-25 10:50:16Z INFO Terminal] WRITE LINE: 
[2020-09-25 10:50:16Z INFO CommandSettings] Arg 'labels': ''
[2020-09-25 10:50:16Z INFO CommandSettings] Flag 'unattended': 'False'
[2020-09-25 10:50:16Z INFO PromptManager] ReadValue
[2020-09-25 10:50:16Z INFO Terminal] WRITE: This runner will have the following labels: 'self-hosted', 'Linux', 'X64' 
Enter any additional labels (ex. label-1,label-2): 
[2020-09-25 10:50:16Z INFO Terminal] WRITE: [press Enter to skip] 
[2020-09-25 10:50:16Z INFO Terminal] READ LINE
[2020-09-25 10:50:25Z INFO Terminal] Read value: ''
[2020-09-25 10:50:25Z INFO Terminal] WRITE LINE: 
[2020-09-25 10:50:26Z INFO ConfigurationStore] Saving OAuth credential @ /home/watcharaphan/okr_project/okr-project/actions-runner/.credentials
[2020-09-25 10:50:26Z INFO ConfigurationStore] Credentials Saved.
[2020-09-25 10:50:26Z INFO ConfigurationStore] HasCredentials()
[2020-09-25 10:50:26Z INFO ConfigurationStore] stored True
[2020-09-25 10:50:26Z INFO CredentialManager] GetCredentialProvider
[2020-09-25 10:50:26Z INFO CredentialManager] Creating type OAuth
[2020-09-25 10:50:26Z INFO CredentialManager] Creating credential type: OAuth
[2020-09-25 10:50:26Z INFO RSAFileKeyManager] Loading RSA key parameters from file /home/watcharaphan/okr_project/okr-project/actions-runner/.credentials_rsaparams
[2020-09-25 10:50:26Z INFO RunnerServer] Establish connection with 100 seconds timeout.
[2020-09-25 10:50:26Z INFO GitHubActionsService] Starting operation Location.GetConnectionData
[2020-09-25 10:50:26Z INFO RunnerServer] Establish connection with 60 seconds timeout.
[2020-09-25 10:50:26Z INFO GitHubActionsService] Starting operation Location.GetConnectionData
[2020-09-25 10:50:26Z INFO RunnerServer] Establish connection with 60 seconds timeout.
[2020-09-25 10:50:26Z INFO GitHubActionsService] Starting operation Location.GetConnectionData
[2020-09-25 10:50:27Z INFO GitHubActionsService] Finished operation Location.GetConnectionData
[2020-09-25 10:50:27Z INFO GitHubActionsService] Finished operation Location.GetConnectionData
[2020-09-25 10:50:27Z INFO GitHubActionsService] Finished operation Location.GetConnectionData
[2020-09-25 10:50:28Z WARN GitHubActionsService] Authentication failed with status code 401.
Transfer-Encoding: chunked
WWW-Authenticate: Bearer
Strict-Transport-Security: max-age=2592000
X-TFS-ProcessId: 5b0dec24-605b-41d4-9722-d57b84576919
ActivityId: 0d7a3624-3030-4671-b799-fa8e74904972
X-TFS-Session: 04bce5cf-f64e-4c29-98ee-30a002e02098
X-VSS-E2EID: f8ecfe9b-86a3-4c1b-b3bb-378a8a81b046
X-VSS-SenderDeploymentId: a07ab14e-025a-39c3-8d53-788cd7ce207f
X-TFS-ServiceError: The+user+%27System%3aPublicAccess%3baaaaaaaa-aaaa-aaaa-aaaa-aaaaaaaaaaaa%27+is+not+authorized+to+access+this+resource.
X-VSS-S2STargetService: 0000005A-0000-8888-8000-000000000000/visualstudio.com
X-MSEdge-Ref: Ref A: 253F808EA1AF4AF9AF789D673B7D00A2 Ref B: BKK30EDGE0208 Ref C: 2020-09-25T10:50:29Z
Date: Fri, 25 Sep 2020 10:50:28 GMT

[2020-09-25 10:50:28Z INFO RSAFileKeyManager] Loading RSA key parameters from file /home/watcharaphan/okr_project/okr-project/actions-runner/.credentials_rsaparams
[2020-09-25 10:50:28Z INFO RSAFileKeyManager] Loading RSA key parameters from file /home/watcharaphan/okr_project/okr-project/actions-runner/.credentials_rsaparams
[2020-09-25 10:50:29Z INFO GitHubActionsService] AAD Correlation ID for this token request: Unknown
[2020-09-25 10:50:29Z INFO CommandSettings] Arg 'work': ''
[2020-09-25 10:50:29Z INFO CommandSettings] Flag 'unattended': 'False'
[2020-09-25 10:50:29Z INFO PromptManager] ReadValue
[2020-09-25 10:50:29Z INFO Terminal] WRITE: Enter name of work folder: 
[2020-09-25 10:50:29Z INFO Terminal] WRITE: [press Enter for _work] 
[2020-09-25 10:50:29Z INFO Terminal] READ LINE
[2020-09-25 10:50:44Z INFO Terminal] Read value: 'okr_run_work'
[2020-09-25 10:50:44Z INFO ConfigurationStore] Saving runner settings.
[2020-09-25 10:50:44Z INFO ConfigurationStore] Settings Saved.
[2020-09-25 10:50:44Z INFO Terminal] WRITE LINE: 
[2020-09-25 10:50:44Z INFO Terminal] WRITE LINE: 
[2020-09-25 10:50:44Z INFO SystemDControlManager] Service name 'actions.runner.Thorexus-okr-project.okr_project.service' display name 'GitHub Actions Runner (Thorexus-okr-project.okr_project)' will be used for service configuration.
[2020-09-25 10:50:44Z INFO HostContext] Well known directory 'Bin': '/home/watcharaphan/okr_project/okr-project/actions-runner/bin'
[2020-09-25 10:50:44Z INFO HostContext] Well known directory 'Root': '/home/watcharaphan/okr_project/okr-project/actions-runner'
[2020-09-25 10:50:44Z INFO HostContext] Well known directory 'Bin': '/home/watcharaphan/okr_project/okr-project/actions-runner/bin'
[2020-09-25 10:50:44Z INFO HostContext] Well known directory 'Bin': '/home/watcharaphan/okr_project/okr-project/actions-runner/bin'
[2020-09-25 10:50:44Z INFO HostContext] Well known directory 'Root': '/home/watcharaphan/okr_project/okr-project/actions-runner'
[2020-09-25 10:50:44Z INFO UnixUtil] Which: 'chmod'
[2020-09-25 10:50:44Z INFO UnixUtil] Location: '/usr/bin/chmod'
[2020-09-25 10:50:44Z INFO UnixUtil] Running /usr/bin/chmod 755 "/home/watcharaphan/okr_project/okr-project/actions-runner/svc.sh"
[2020-09-25 10:50:44Z INFO ProcessInvokerWrapper] Starting process:
[2020-09-25 10:50:44Z INFO ProcessInvokerWrapper]   File name: '/usr/bin/chmod'
[2020-09-25 10:50:44Z INFO ProcessInvokerWrapper]   Arguments: '755 "/home/watcharaphan/okr_project/okr-project/actions-runner/svc.sh"'
[2020-09-25 10:50:44Z INFO ProcessInvokerWrapper]   Working directory: '/home/watcharaphan/okr_project/okr-project/actions-runner'
[2020-09-25 10:50:44Z INFO ProcessInvokerWrapper]   Require exit code zero: 'True'
[2020-09-25 10:50:44Z INFO ProcessInvokerWrapper]   Encoding web name:  ; code page: ''
[2020-09-25 10:50:44Z INFO ProcessInvokerWrapper]   Force kill process on cancellation: 'False'
[2020-09-25 10:50:44Z INFO ProcessInvokerWrapper]   Redirected STDIN: 'False'
[2020-09-25 10:50:44Z INFO ProcessInvokerWrapper]   Persist current code page: 'False'
[2020-09-25 10:50:44Z INFO ProcessInvokerWrapper]   Keep redirected STDIN open: 'False'
[2020-09-25 10:50:44Z INFO ProcessInvokerWrapper]   High priority process: 'False'
[2020-09-25 10:50:44Z INFO ProcessInvokerWrapper] Updated oom_score_adj to 500 for PID: 5206.
[2020-09-25 10:50:44Z INFO ProcessInvokerWrapper] STDOUT/STDERR stream read finished.
[2020-09-25 10:50:44Z INFO ProcessInvokerWrapper] STDOUT/STDERR stream read finished.
[2020-09-25 10:50:44Z INFO ProcessInvokerWrapper] Process started with process id 5206, waiting for process exit.
[2020-09-25 10:50:44Z INFO ProcessInvokerWrapper] Finished process 5206 with exit code 0, and elapsed time 00:00:00.0022137.
[2020-09-25 10:50:44Z INFO Listener] Runner execution has finished with return code 0
